<?xml version="1.0" encoding="UTF-8"?>
<!-- Generated by org.testng.reporters.JUnitReportReporter -->
<testsuite skipped="0" hostname="DESKTOP-PSP68KB" name="com.cube.qa.testcases.PostListPageTest" tests="11" failures="0" timestamp="31 May 2023 09:00:56 GMT" time="370.377" errors="0">
  <testcase name="AllSearch" time="21.895" classname="com.cube.qa.testcases.PostListPageTest"/>
  <testcase name="AllSearchResultnotfound" time="13.633" classname="com.cube.qa.testcases.PostListPageTest"/>
  <testcase name="searchinTable" time="17.023" classname="com.cube.qa.testcases.PostListPageTest"/>
  <testcase name="ViewpostIconTest" time="28.712" classname="com.cube.qa.testcases.PostListPageTest"/>
  <testcase name="EditpostIconTest" time="43.133" classname="com.cube.qa.testcases.PostListPageTest"/>
  <testcase name="EnablePost" time="42.347" classname="com.cube.qa.testcases.PostListPageTest"/>
  <testcase name="DisablePost" time="47.527" classname="com.cube.qa.testcases.PostListPageTest"/>
  <testcase name="Unimportant" time="44.248" classname="com.cube.qa.testcases.PostListPageTest"/>
  <testcase name="ImportantPost" time="46.084" classname="com.cube.qa.testcases.PostListPageTest"/>
  <testcase name="DeletePost" time="50.165" classname="com.cube.qa.testcases.PostListPageTest"/>
  <testcase name="AddPost" time="15.610" classname="com.cube.qa.testcases.PostListPageTest"/>
</testsuite> <!-- com.cube.qa.testcases.PostListPageTest -->
