<?xml version="1.0" encoding="UTF-8"?>
<!-- Generated by org.testng.reporters.JUnitReportReporter -->
<testsuite skipped="0" hostname="DESKTOP-PSP68KB" name="com.cube.qa.testcases.DashboardPageTest" tests="2" failures="0" timestamp="29 May 2023 02:42:35 GMT" time="25.228" errors="0">
  <testcase name="PostList" time="13.146" classname="com.cube.qa.testcases.DashboardPageTest"/>
  <testcase name="AddPost" time="12.082" classname="com.cube.qa.testcases.DashboardPageTest"/>
</testsuite> <!-- com.cube.qa.testcases.DashboardPageTest -->
