<?xml version="1.0" encoding="UTF-8"?>
<!-- Generated by org.testng.reporters.JUnitReportReporter -->
<testsuite skipped="0" hostname="DESKTOP-PSP68KB" name="com.cube.qa.testcases.LoginTest" tests="1" failures="0" timestamp="26 May 2023 08:27:35 GMT" time="10.730" errors="0">
  <testcase name="loginTest" time="10.730" classname="com.cube.qa.testcases.LoginTest"/>
</testsuite> <!-- com.cube.qa.testcases.LoginTest -->
