<?xml version="1.0" encoding="UTF-8"?>
<!-- Generated by org.testng.reporters.JUnitReportReporter -->
<testsuite skipped="0" hostname="DESKTOP-PSP68KB" name="com.cube.qa.testcases.AddPostPageTest" tests="7" failures="0" timestamp="31 May 2023 04:16:43 GMT" time="238.030" errors="0">
  <testcase name="AddPost" time="55.398" classname="com.cube.qa.testcases.AddPostPageTest"/>
  <testcase name="Cancel" time="20.532" classname="com.cube.qa.testcases.AddPostPageTest"/>
  <testcase name="AddWothEmptyData" time="19.992" classname="com.cube.qa.testcases.AddPostPageTest"/>
  <testcase name="Homelink" time="16.800" classname="com.cube.qa.testcases.AddPostPageTest"/>
  <testcase name="Postlink" time="19.353" classname="com.cube.qa.testcases.AddPostPageTest"/>
  <testcase name="CheckImageType" time="60.629" classname="com.cube.qa.testcases.AddPostPageTest"/>
  <testcase name="InvalidIMage" time="45.326" classname="com.cube.qa.testcases.AddPostPageTest"/>
</testsuite> <!-- com.cube.qa.testcases.AddPostPageTest -->
